<?xml version="1.0" encoding="UTF-8"?>
<!-- Generated by org.testng.reporters.JUnitXMLReporter -->
<testsuite ignored="0" hostname="MOHAMMAD" failures="0" tests="4" name="Default test" time="2.543" errors="0" timestamp="2025-09-18T01:14:24 EET">
  <testcase classname="AutomationTestStore.MyData" name="AddRecord" time="0.032"/>
  <testcase classname="AutomationTestStore.MyData" name="UpdateData" time="0.008"/>
  <testcase classname="AutomationTestStore.MyData" name="ReadData" time="0.505"/>
  <testcase classname="AutomationTestStore.MyData" name="DeleteData" time="0.014"/>
</testsuite> <!-- Default test -->
