<?xml version="1.0" encoding="UTF-8"?>
<!-- Generated by org.testng.reporters.JUnitXMLReporter -->
<testsuite ignored="0" hostname="MOHAMMAD" failures="0" tests="11" name="Default test" time="41.806" errors="0" timestamp="2025-09-23T20:07:02 EET">
  <testcase classname="AutomationDatabase.MyData" name="AddRecord" time="0.042"/>
  <testcase classname="AutomationDatabase.MyData" name="UpdateData" time="0.006"/>
  <testcase classname="AutomationDatabase.MyData" name="ReadData" time="0.07"/>
  <testcase classname="AutomationDatabase.MyData" name="DeleteData" time="0.007"/>
  <testcase classname="AutomationDatabase.MyTestCases" name="SignUpTest" time="12.489"/>
  <testcase classname="AutomationDatabase.MyTestCases" name="logOutTest" time="4.766"/>
  <testcase classname="AutomationDatabase.MyTestCases" name="LoginTest" time="6.537"/>
  <testcase classname="AutomationDatabase.MyTestCases" name="AddItems" time="3.301"/>
  <testcase classname="AutomationDatabase.MyTestCases" name="AddItems" time="3.902"/>
  <testcase classname="AutomationDatabase.MyTestCases" name="UpdateItemsTest" time="0.57"/>
  <testcase classname="AutomationDatabase.MyTestCases" name="CheckOutTest" time="5.971"/>
</testsuite> <!-- Default test -->
