<?xml version="1.0" encoding="UTF-8"?>
<testng-results ignored="0" total="11" passed="11" failed="0" skipped="0">
  <reporter-output>
  </reporter-output>
  <suite started-at="2025-09-23T20:06:20 EET" name="Default suite" finished-at="2025-09-23T20:07:02 EET" duration-ms="41806">
    <groups>
    </groups>
    <test started-at="2025-09-23T20:06:20 EET" name="Default test" finished-at="2025-09-23T20:07:02 EET" duration-ms="41806">
      <class name="AutomationDatabase.MyTestCases">
        <test-method is-config="true" signature="SetUp()[pri:0, instance:AutomationDatabase.MyTestCases@101639ae]" started-at="2025-09-23T20:06:20 EET" name="SetUp" finished-at="2025-09-23T20:06:24 EET" duration-ms="4037" status="PASS">
          <reporter-output>
          </reporter-output>
        </test-method> <!-- SetUp -->
        <test-method signature="AddRecord()[pri:1, instance:AutomationDatabase.MyTestCases@101639ae]" started-at="2025-09-23T20:06:24 EET" name="AddRecord" finished-at="2025-09-23T20:06:24 EET" duration-ms="42" status="PASS">
          <reporter-output>
          </reporter-output>
        </test-method> <!-- AddRecord -->
        <test-method signature="UpdateData()[pri:2, instance:AutomationDatabase.MyTestCases@101639ae]" started-at="2025-09-23T20:06:24 EET" name="UpdateData" finished-at="2025-09-23T20:06:24 EET" duration-ms="6" status="PASS">
          <reporter-output>
          </reporter-output>
        </test-method> <!-- UpdateData -->
        <test-method signature="ReadData()[pri:3, instance:AutomationDatabase.MyTestCases@101639ae]" started-at="2025-09-23T20:06:24 EET" name="ReadData" finished-at="2025-09-23T20:06:24 EET" duration-ms="70" status="PASS">
          <reporter-output>
          </reporter-output>
        </test-method> <!-- ReadData -->
        <test-method signature="DeleteData()[pri:4, instance:AutomationDatabase.MyTestCases@101639ae]" started-at="2025-09-23T20:06:24 EET" name="DeleteData" finished-at="2025-09-23T20:06:24 EET" duration-ms="7" status="PASS">
          <reporter-output>
          </reporter-output>
        </test-method> <!-- DeleteData -->
        <test-method signature="SignUpTest()[pri:5, instance:AutomationDatabase.MyTestCases@101639ae]" started-at="2025-09-23T20:06:24 EET" name="SignUpTest" finished-at="2025-09-23T20:06:37 EET" duration-ms="12489" status="PASS">
          <reporter-output>
          </reporter-output>
        </test-method> <!-- SignUpTest -->
        <test-method signature="logOutTest()[pri:6, instance:AutomationDatabase.MyTestCases@101639ae]" started-at="2025-09-23T20:06:37 EET" name="logOutTest" finished-at="2025-09-23T20:06:42 EET" duration-ms="4766" status="PASS">
          <reporter-output>
          </reporter-output>
        </test-method> <!-- logOutTest -->
        <test-method signature="LoginTest()[pri:7, instance:AutomationDatabase.MyTestCases@101639ae]" started-at="2025-09-23T20:06:42 EET" name="LoginTest" finished-at="2025-09-23T20:06:48 EET" duration-ms="6537" status="PASS">
          <reporter-output>
          </reporter-output>
        </test-method> <!-- LoginTest -->
        <test-method signature="AddItems()[pri:8, instance:AutomationDatabase.MyTestCases@101639ae]" started-at="2025-09-23T20:06:48 EET" name="AddItems" finished-at="2025-09-23T20:06:52 EET" duration-ms="3301" status="PASS">
          <reporter-output>
          </reporter-output>
        </test-method> <!-- AddItems -->
        <test-method signature="AddItems()[pri:8, instance:AutomationDatabase.MyTestCases@101639ae]" started-at="2025-09-23T20:06:52 EET" name="AddItems" finished-at="2025-09-23T20:06:55 EET" duration-ms="3902" status="PASS">
          <reporter-output>
          </reporter-output>
        </test-method> <!-- AddItems -->
        <test-method signature="UpdateItemsTest()[pri:9, instance:AutomationDatabase.MyTestCases@101639ae]" started-at="2025-09-23T20:06:55 EET" name="UpdateItemsTest" finished-at="2025-09-23T20:06:56 EET" duration-ms="570" status="PASS">
          <reporter-output>
          </reporter-output>
        </test-method> <!-- UpdateItemsTest -->
        <test-method signature="CheckOutTest()[pri:10, instance:AutomationDatabase.MyTestCases@101639ae]" started-at="2025-09-23T20:06:56 EET" name="CheckOutTest" finished-at="2025-09-23T20:07:02 EET" duration-ms="5971" status="PASS">
          <reporter-output>
          </reporter-output>
        </test-method> <!-- CheckOutTest -->
      </class> <!-- AutomationDatabase.MyTestCases -->
    </test> <!-- Default test -->
  </suite> <!-- Default suite -->
</testng-results>
