<?xml version="1.0" encoding="UTF-8"?>
<testng-results ignored="0" total="4" passed="4" failed="0" skipped="0">
  <reporter-output>
  </reporter-output>
  <suite started-at="2025-09-18T01:14:22 EET" name="Default suite" finished-at="2025-09-18T01:14:24 EET" duration-ms="2543">
    <groups>
    </groups>
    <test started-at="2025-09-18T01:14:22 EET" name="Default test" finished-at="2025-09-18T01:14:24 EET" duration-ms="2543">
      <class name="AutomationTestStore.MyData">
        <test-method is-config="true" signature="SetUp()[pri:0, instance:AutomationTestStore.MyData@34f7234e]" started-at="2025-09-18T01:14:22 EET" name="SetUp" finished-at="2025-09-18T01:14:24 EET" duration-ms="1916" status="PASS">
          <reporter-output>
          </reporter-output>
        </test-method> <!-- SetUp -->
        <test-method signature="AddRecord()[pri:1, instance:AutomationTestStore.MyData@34f7234e]" started-at="2025-09-18T01:14:24 EET" name="AddRecord" finished-at="2025-09-18T01:14:24 EET" duration-ms="32" status="PASS">
          <reporter-output>
          </reporter-output>
        </test-method> <!-- AddRecord -->
        <test-method signature="UpdateData()[pri:2, instance:AutomationTestStore.MyData@34f7234e]" started-at="2025-09-18T01:14:24 EET" name="UpdateData" finished-at="2025-09-18T01:14:24 EET" duration-ms="8" status="PASS">
          <reporter-output>
          </reporter-output>
        </test-method> <!-- UpdateData -->
        <test-method signature="ReadData()[pri:3, instance:AutomationTestStore.MyData@34f7234e]" started-at="2025-09-18T01:14:24 EET" name="ReadData" finished-at="2025-09-18T01:14:24 EET" duration-ms="505" status="PASS">
          <reporter-output>
          </reporter-output>
        </test-method> <!-- ReadData -->
        <test-method signature="DeleteData()[pri:4, instance:AutomationTestStore.MyData@34f7234e]" started-at="2025-09-18T01:14:24 EET" name="DeleteData" finished-at="2025-09-18T01:14:24 EET" duration-ms="14" status="PASS">
          <reporter-output>
          </reporter-output>
        </test-method> <!-- DeleteData -->
      </class> <!-- AutomationTestStore.MyData -->
    </test> <!-- Default test -->
  </suite> <!-- Default suite -->
</testng-results>
